
> temp_app@0.0.0 build
> vite build

vite v7.2.4 building client environment for production...
transforming...
✓ 1720 modules transformed.
✗ Build failed in 1.29s
error during build:
src/App.jsx (4:7): "default" is not exported by "src/pages/LoginPage.jsx", imported by "src/App.jsx".
file: /Users/mac/Documents/AI Project/simple-landing-page/src/App.jsx:4:7

2: import { BrowserRouter as Router, Routes, Route } from 'react-router-dom';
3: import LandingPage from './pages/LandingPage';
4: import LoginPage from './pages/LoginPage';
          ^
5: import AdminDashboard from './pages/AdminDashboard';

    at getRollupError (file:///Users/mac/Documents/AI%20Project/simple-landing-page/node_modules/rollup/dist/es/shared/parseAst.js:401:41)
    at error (file:///Users/mac/Documents/AI%20Project/simple-landing-page/node_modules/rollup/dist/es/shared/parseAst.js:397:42)
    at Module.error (file:///Users/mac/Documents/AI%20Project/simple-landing-page/node_modules/rollup/dist/es/shared/node-entry.js:16956:16)
    at Module.traceVariable (file:///Users/mac/Documents/AI%20Project/simple-landing-page/node_modules/rollup/dist/es/shared/node-entry.js:17412:29)
    at ModuleScope.findVariable (file:///Users/mac/Documents/AI%20Project/simple-landing-page/node_modules/rollup/dist/es/shared/node-entry.js:15076:39)
    at FunctionScope.findVariable (file:///Users/mac/Documents/AI%20Project/simple-landing-page/node_modules/rollup/dist/es/shared/node-entry.js:5649:38)
    at FunctionBodyScope.findVariable (file:///Users/mac/Documents/AI%20Project/simple-landing-page/node_modules/rollup/dist/es/shared/node-entry.js:5649:38)
    at Identifier.bind (file:///Users/mac/Documents/AI%20Project/simple-landing-page/node_modules/rollup/dist/es/shared/node-entry.js:5423:40)
    at CallExpression.bind (file:///Users/mac/Documents/AI%20Project/simple-landing-page/node_modules/rollup/dist/es/shared/node-entry.js:2809:28)
    at CallExpression.bind (file:///Users/mac/Documents/AI%20Project/simple-landing-page/node_modules/rollup/dist/es/shared/node-entry.js:12123:15)
